[21:26:20.517]<info> : Logger initialized
[21:26:20.518]<info> : [ObEngine] Tiled Integration started
[21:26:20.518]<info> :   - Input file : D:/Dev/Projects/ObEngine/Execution/Workspace/DeeperAndDeeper/Scenes/test.json
[21:26:20.518]<info> :   - Output file : D:/Dev/Projects/ObEngine/Execution/Workspace/DeeperAndDeeper/Scenes/test.json.vili
[21:26:20.518]<info> :   - Current working directory : D:\Dev\Projects\ObEngine\Execution\Workspace\DeeperAndDeeper
[21:26:20.520]<info> : Done :)
[21:27:36.958]<info> : Logger initialized
[21:27:36.959]<info> : [ObEngine] Tiled Integration started
[21:27:36.959]<info> :   - Input file : D:/Dev/Projects/ObEngine/Execution/Workspace/DeeperAndDeeper/Scenes/test.json
[21:27:36.959]<info> :   - Output file : D:/Dev/Projects/ObEngine/Execution/Workspace/DeeperAndDeeper/Scenes/test.json.vili
[21:27:36.959]<info> :   - Current working directory : D:\Dev\Projects\ObEngine\Execution\Workspace\DeeperAndDeeper
[21:27:36.961]<info> : Done :)
[06:17:40.724]<info> : Logger initialized
[06:17:40.726]<info> : [ObEngine] Tiled Integration started
[06:17:40.726]<info> :   - Input file : D:/Dev/Projects/ObEngine/Execution/Workspace/DeeperAndDeeper/Scenes/psychoanalyst_room.json
[06:17:40.726]<info> :   - Output file : D:/Dev/Projects/ObEngine/Execution/Workspace/DeeperAndDeeper/Scenes/psychoanalyst_room.json.vili
[06:17:40.726]<info> :   - Current working directory : D:\Dev\Projects\ObEngine\Execution\Workspace\DeeperAndDeeper
[06:17:40.729]<info> : Done :)
[06:27:18.067]<info> : Logger initialized
[06:27:18.067]<info> : [ObEngine] Tiled Integration started
[06:27:18.067]<info> :   - Input file : D:/Dev/Projects/ObEngine/Execution/Workspace/DeeperAndDeeper/Scenes/psychoanalyst_room.json
[06:27:18.068]<info> :   - Output file : D:/Dev/Projects/ObEngine/Execution/Workspace/DeeperAndDeeper/Scenes/psychoanalyst_room.json.vili
[06:27:18.068]<info> :   - Current working directory : D:\Dev\Projects\ObEngine\Execution\Workspace\DeeperAndDeeper
[06:27:18.070]<info> : Done :)
[06:57:53.880]<info> : Logger initialized
[06:57:53.881]<info> : [ObEngine] Tiled Integration started
[06:57:53.881]<info> :   - Input file : D:/Dev/Projects/ObEngine/Execution/Workspace/DeeperAndDeeper/Scenes/psychoanalyst_room.json
[06:57:53.881]<info> :   - Output file : D:/Dev/Projects/ObEngine/Execution/Workspace/DeeperAndDeeper/Scenes/psychoanalyst_room.json.vili
[06:57:53.881]<info> :   - Current working directory : D:\Dev\Projects\ObEngine\Execution\Workspace\DeeperAndDeeper
[06:57:53.882]<info> : Done :)
[06:58:04.812]<info> : Logger initialized
[06:58:04.812]<info> : [ObEngine] Tiled Integration started
[06:58:04.812]<info> :   - Input file : D:/Dev/Projects/ObEngine/Execution/Workspace/DeeperAndDeeper/Scenes/psychoanalyst_room.json
[06:58:04.812]<info> :   - Output file : D:/Dev/Projects/ObEngine/Execution/Workspace/DeeperAndDeeper/Scenes/psychoanalyst_room.json.vili
[06:58:04.812]<info> :   - Current working directory : D:\Dev\Projects\ObEngine\Execution\Workspace\DeeperAndDeeper
[06:58:04.814]<info> : Done :)
[11:36:39.566]<info> : Logger initialized
[11:36:39.566]<info> : [ObEngine] Tiled Integration started
[11:36:39.566]<info> :   - Input file : D:/Dev/Projects/ObEngine/Execution/Workspace/DeeperAndDeeper/Scenes/psychoanalyst_room.json
[11:36:39.566]<info> :   - Output file : D:/Dev/Projects/ObEngine/Execution/Workspace/DeeperAndDeeper/Scenes/psychoanalyst_room.json.vili
[11:36:39.566]<info> :   - Current working directory : D:\Dev\Projects\ObEngine\Execution\Workspace\DeeperAndDeeper
[11:36:39.569]<info> : Done :)
[11:39:51.907]<info> : Logger initialized
[11:39:51.908]<info> : [ObEngine] Tiled Integration started
[11:39:51.908]<info> :   - Input file : D:/Dev/Projects/ObEngine/Execution/Workspace/DeeperAndDeeper/Scenes/psychoanalyst_room.json
[11:39:51.908]<info> :   - Output file : D:/Dev/Projects/ObEngine/Execution/Workspace/DeeperAndDeeper/Scenes/psychoanalyst_room.json.vili
[11:39:51.908]<info> :   - Current working directory : D:\Dev\Projects\ObEngine\Execution\Workspace\DeeperAndDeeper
[11:39:51.910]<info> : Done :)
[11:40:17.110]<info> : Logger initialized
[11:40:17.111]<info> : [ObEngine] Tiled Integration started
[11:40:17.111]<info> :   - Input file : D:/Dev/Projects/ObEngine/Execution/Workspace/DeeperAndDeeper/Scenes/psychoanalyst_room.json
[11:40:17.111]<info> :   - Output file : D:/Dev/Projects/ObEngine/Execution/Workspace/DeeperAndDeeper/Scenes/psychoanalyst_room.json.vili
[11:40:17.111]<info> :   - Current working directory : D:\Dev\Projects\ObEngine\Execution\Workspace\DeeperAndDeeper
[11:40:17.113]<info> : Done :)
[12:01:16.652]<info> : Logger initialized
[12:01:16.652]<info> : [ObEngine] Tiled Integration started
[12:01:16.652]<info> :   - Input file : D:/Dev/Projects/ObEngine/Execution/Workspace/DeeperAndDeeper/Scenes/psychoanalyst_room.json
[12:01:16.652]<info> :   - Output file : D:/Dev/Projects/ObEngine/Execution/Workspace/DeeperAndDeeper/Scenes/psychoanalyst_room.json.vili
[12:01:16.652]<info> :   - Current working directory : D:\Dev\Projects\ObEngine\Execution\Workspace\DeeperAndDeeper
[12:01:16.654]<error> : Could not find property width
[12:01:16.654]<info> : Something went wrong :(
[12:01:26.859]<info> : Logger initialized
[12:01:26.859]<info> : [ObEngine] Tiled Integration started
[12:01:26.859]<info> :   - Input file : D:/Dev/Projects/ObEngine/Execution/Workspace/DeeperAndDeeper/Scenes/psychoanalyst_room.json
[12:01:26.859]<info> :   - Output file : D:/Dev/Projects/ObEngine/Execution/Workspace/DeeperAndDeeper/Scenes/psychoanalyst_room.json.vili
[12:01:26.859]<info> :   - Current working directory : D:\Dev\Projects\ObEngine\Execution\Workspace\DeeperAndDeeper
[12:01:26.860]<error> : Could not find property width
[12:01:26.860]<info> : Something went wrong :(
[12:01:36.860]<info> : Logger initialized
[12:01:36.860]<info> : [ObEngine] Tiled Integration started
[12:01:36.860]<info> :   - Input file : D:/Dev/Projects/ObEngine/Execution/Workspace/DeeperAndDeeper/Scenes/psychoanalyst_room.json
[12:01:36.860]<info> :   - Output file : D:/Dev/Projects/ObEngine/Execution/Workspace/DeeperAndDeeper/Scenes/psychoanalyst_room.json.vili
[12:01:36.860]<info> :   - Current working directory : D:\Dev\Projects\ObEngine\Execution\Workspace\DeeperAndDeeper
[12:01:36.861]<error> : Could not find property width
[12:01:36.861]<info> : Something went wrong :(
[12:02:11.571]<info> : Logger initialized
[12:02:11.571]<info> : [ObEngine] Tiled Integration started
[12:02:11.571]<info> :   - Input file : D:/Dev/Projects/ObEngine/Execution/Workspace/DeeperAndDeeper/Scenes/psychoanalyst_room.json
[12:02:11.571]<info> :   - Output file : D:/Dev/Projects/ObEngine/Execution/Workspace/DeeperAndDeeper/Scenes/psychoanalyst_room.json.vili
[12:02:11.571]<info> :   - Current working directory : D:\Dev\Projects\ObEngine\Execution\Workspace\DeeperAndDeeper
[12:02:11.573]<error> : Object of type Camera depends on other object with id 4, please reorder them
[12:02:11.573]<info> : Something went wrong :(
[12:02:39.372]<info> : Logger initialized
[12:02:39.373]<info> : [ObEngine] Tiled Integration started
[12:02:39.373]<info> :   - Input file : D:/Dev/Projects/ObEngine/Execution/Workspace/DeeperAndDeeper/Scenes/psychoanalyst_room.json
[12:02:39.373]<info> :   - Output file : D:/Dev/Projects/ObEngine/Execution/Workspace/DeeperAndDeeper/Scenes/psychoanalyst_room.json.vili
[12:02:39.373]<info> :   - Current working directory : D:\Dev\Projects\ObEngine\Execution\Workspace\DeeperAndDeeper
[12:02:39.374]<error> : Object of type Camera depends on other object with id 4, please reorder them
[12:02:39.374]<info> : Something went wrong :(
[12:02:51.135]<info> : Logger initialized
[12:02:51.135]<info> : [ObEngine] Tiled Integration started
[12:02:51.135]<info> :   - Input file : D:/Dev/Projects/ObEngine/Execution/Workspace/DeeperAndDeeper/Scenes/psychoanalyst_room.json
[12:02:51.135]<info> :   - Output file : D:/Dev/Projects/ObEngine/Execution/Workspace/DeeperAndDeeper/Scenes/psychoanalyst_room.json.vili
[12:02:51.135]<info> :   - Current working directory : D:\Dev\Projects\ObEngine\Execution\Workspace\DeeperAndDeeper
[12:02:51.138]<info> : Done :)
[12:03:28.617]<info> : Logger initialized
[12:03:28.618]<info> : [ObEngine] Tiled Integration started
[12:03:28.618]<info> :   - Input file : D:/Dev/Projects/ObEngine/Execution/Workspace/DeeperAndDeeper/Scenes/psychoanalyst_room.json
[12:03:28.618]<info> :   - Output file : D:/Dev/Projects/ObEngine/Execution/Workspace/DeeperAndDeeper/Scenes/psychoanalyst_room.json.vili
[12:03:28.618]<info> :   - Current working directory : D:\Dev\Projects\ObEngine\Execution\Workspace\DeeperAndDeeper
[12:03:28.620]<info> : Done :)
[12:04:09.710]<info> : Logger initialized
[12:04:09.710]<info> : [ObEngine] Tiled Integration started
[12:04:09.710]<info> :   - Input file : D:/Dev/Projects/ObEngine/Execution/Workspace/DeeperAndDeeper/Scenes/psychoanalyst_room.json
[12:04:09.710]<info> :   - Output file : D:/Dev/Projects/ObEngine/Execution/Workspace/DeeperAndDeeper/Scenes/psychoanalyst_room.json.vili
[12:04:09.710]<info> :   - Current working directory : D:\Dev\Projects\ObEngine\Execution\Workspace\DeeperAndDeeper
[12:04:09.713]<info> : Done :)
[12:05:57.580]<info> : Logger initialized
[12:05:57.581]<info> : [ObEngine] Tiled Integration started
[12:05:57.581]<info> :   - Input file : D:/Dev/Projects/ObEngine/Execution/Workspace/DeeperAndDeeper/Scenes/psychoanalyst_room.json
[12:05:57.581]<info> :   - Output file : D:/Dev/Projects/ObEngine/Execution/Workspace/DeeperAndDeeper/Scenes/psychoanalyst_room.json.vili
[12:05:57.581]<info> :   - Current working directory : D:\Dev\Projects\ObEngine\Execution\Workspace\DeeperAndDeeper
[12:05:57.584]<info> : Done :)
